  nes_mapper_000.c
  nes_cpu.c
F:\m_project\NesEmulator\nes_cpu_opcodes.c(109,23): warning C4133: “函数”: 从“p_nes_cpu_info”到“p_nes_mem_info”的类型不兼容
F:\m_project\NesEmulator\nes_cpu_opcodes.c(243,29): warning C4133: “函数”: 从“p_nes_cpu_info”到“p_nes_mem_info”的类型不兼容
F:\m_project\NesEmulator\nes_cpu_opcodes.c(244,17): warning C4133: “函数”: 从“p_nes_cpu_info”到“p_nes_mem_info”的类型不兼容
F:\m_project\NesEmulator\nes_cpu_opcodes.c(250,32): warning C4133: “函数”: 从“p_nes_cpu_info”到“p_nes_mem_info”的类型不兼容
F:\m_project\NesEmulator\nes_cpu_opcodes.c(251,20): warning C4133: “函数”: 从“p_nes_cpu_info”到“p_nes_mem_info”的类型不兼容
F:\m_project\NesEmulator\nes_cpu_opcodes.c(257,29): warning C4133: “函数”: 从“p_nes_cpu_info”到“p_nes_mem_info”的类型不兼容
F:\m_project\NesEmulator\nes_cpu_opcodes.c(258,17): warning C4133: “函数”: 从“p_nes_cpu_info”到“p_nes_mem_info”的类型不兼容
F:\m_project\NesEmulator\nes_cpu_opcodes.c(264,32): warning C4133: “函数”: 从“p_nes_cpu_info”到“p_nes_mem_info”的类型不兼容
F:\m_project\NesEmulator\nes_cpu_opcodes.c(265,20): warning C4133: “函数”: 从“p_nes_cpu_info”到“p_nes_mem_info”的类型不兼容
F:\m_project\NesEmulator\nes_cpu_opcodes.c(272,29): warning C4133: “函数”: 从“p_nes_cpu_info”到“p_nes_mem_info”的类型不兼容
F:\m_project\NesEmulator\nes_cpu_opcodes.c(273,17): warning C4133: “函数”: 从“p_nes_cpu_info”到“p_nes_mem_info”的类型不兼容
F:\m_project\NesEmulator\nes_cpu_opcodes.c(280,32): warning C4133: “函数”: 从“p_nes_cpu_info”到“p_nes_mem_info”的类型不兼容
F:\m_project\NesEmulator\nes_cpu_opcodes.c(281,20): warning C4133: “函数”: 从“p_nes_cpu_info”到“p_nes_mem_info”的类型不兼容
F:\m_project\NesEmulator\nes_cpu_opcodes.c(289,29): warning C4133: “函数”: 从“p_nes_cpu_info”到“p_nes_mem_info”的类型不兼容
F:\m_project\NesEmulator\nes_cpu_opcodes.c(290,17): warning C4133: “函数”: 从“p_nes_cpu_info”到“p_nes_mem_info”的类型不兼容
F:\m_project\NesEmulator\nes_cpu_opcodes.c(298,32): warning C4133: “函数”: 从“p_nes_cpu_info”到“p_nes_mem_info”的类型不兼容
F:\m_project\NesEmulator\nes_cpu_opcodes.c(299,20): warning C4133: “函数”: 从“p_nes_cpu_info”到“p_nes_mem_info”的类型不兼容
F:\m_project\NesEmulator\nes_cpu_opcodes.c(306,29): warning C4133: “函数”: 从“p_nes_cpu_info”到“p_nes_mem_info”的类型不兼容
F:\m_project\NesEmulator\nes_cpu_opcodes.c(307,17): warning C4133: “函数”: 从“p_nes_cpu_info”到“p_nes_mem_info”的类型不兼容
F:\m_project\NesEmulator\nes_cpu_opcodes.c(314,32): warning C4133: “函数”: 从“p_nes_cpu_info”到“p_nes_mem_info”的类型不兼容
F:\m_project\NesEmulator\nes_cpu_opcodes.c(315,20): warning C4133: “函数”: 从“p_nes_cpu_info”到“p_nes_mem_info”的类型不兼容
F:\m_project\NesEmulator\nes_cpu_opcodes.c(323,29): warning C4133: “函数”: 从“p_nes_cpu_info”到“p_nes_mem_info”的类型不兼容
F:\m_project\NesEmulator\nes_cpu_opcodes.c(324,17): warning C4133: “函数”: 从“p_nes_cpu_info”到“p_nes_mem_info”的类型不兼容
F:\m_project\NesEmulator\nes_cpu_opcodes.c(332,32): warning C4133: “函数”: 从“p_nes_cpu_info”到“p_nes_mem_info”的类型不兼容
F:\m_project\NesEmulator\nes_cpu_opcodes.c(333,20): warning C4133: “函数”: 从“p_nes_cpu_info”到“p_nes_mem_info”的类型不兼容
F:\m_project\NesEmulator\nes_cpu_opcodes.c(346,17): warning C4133: “函数”: 从“p_nes_cpu_info”到“p_nes_mem_info”的类型不兼容
F:\m_project\NesEmulator\nes_cpu_opcodes.c(351,20): warning C4133: “函数”: 从“p_nes_cpu_info”到“p_nes_mem_info”的类型不兼容
F:\m_project\NesEmulator\nes_cpu_opcodes.c(362,17): warning C4133: “函数”: 从“p_nes_cpu_info”到“p_nes_mem_info”的类型不兼容
F:\m_project\NesEmulator\nes_cpu_opcodes.c(367,20): warning C4133: “函数”: 从“p_nes_cpu_info”到“p_nes_mem_info”的类型不兼容
F:\m_project\NesEmulator\nes_cpu_opcodes.c(378,17): warning C4133: “函数”: 从“p_nes_cpu_info”到“p_nes_mem_info”的类型不兼容
F:\m_project\NesEmulator\nes_cpu_opcodes.c(383,20): warning C4133: “函数”: 从“p_nes_cpu_info”到“p_nes_mem_info”的类型不兼容
F:\m_project\NesEmulator\nes_cpu_opcodes.c(404,29): warning C4133: “函数”: 从“p_nes_cpu_info”到“p_nes_mem_info”的类型不兼容
F:\m_project\NesEmulator\nes_cpu_opcodes.c(405,17): warning C4133: “函数”: 从“p_nes_cpu_info”到“p_nes_mem_info”的类型不兼容
F:\m_project\NesEmulator\nes_cpu_opcodes.c(418,32): warning C4133: “函数”: 从“p_nes_cpu_info”到“p_nes_mem_info”的类型不兼容
F:\m_project\NesEmulator\nes_cpu_opcodes.c(419,20): warning C4133: “函数”: 从“p_nes_cpu_info”到“p_nes_mem_info”的类型不兼容
F:\m_project\NesEmulator\nes_cpu_opcodes.c(433,29): warning C4133: “函数”: 从“p_nes_cpu_info”到“p_nes_mem_info”的类型不兼容
F:\m_project\NesEmulator\nes_cpu_opcodes.c(434,17): warning C4133: “函数”: 从“p_nes_cpu_info”到“p_nes_mem_info”的类型不兼容
F:\m_project\NesEmulator\nes_cpu_opcodes.c(448,32): warning C4133: “函数”: 从“p_nes_cpu_info”到“p_nes_mem_info”的类型不兼容
F:\m_project\NesEmulator\nes_cpu_opcodes.c(449,20): warning C4133: “函数”: 从“p_nes_cpu_info”到“p_nes_mem_info”的类型不兼容
F:\m_project\NesEmulator\nes_cpu_opcodes.c(462,29): warning C4133: “函数”: 从“p_nes_cpu_info”到“p_nes_mem_info”的类型不兼容
F:\m_project\NesEmulator\nes_cpu_opcodes.c(463,17): warning C4133: “函数”: 从“p_nes_cpu_info”到“p_nes_mem_info”的类型不兼容
F:\m_project\NesEmulator\nes_cpu_opcodes.c(476,32): warning C4133: “函数”: 从“p_nes_cpu_info”到“p_nes_mem_info”的类型不兼容
F:\m_project\NesEmulator\nes_cpu_opcodes.c(477,20): warning C4133: “函数”: 从“p_nes_cpu_info”到“p_nes_mem_info”的类型不兼容
F:\m_project\NesEmulator\nes_cpu_opcodes.c(491,29): warning C4133: “函数”: 从“p_nes_cpu_info”到“p_nes_mem_info”的类型不兼容
F:\m_project\NesEmulator\nes_cpu_opcodes.c(492,17): warning C4133: “函数”: 从“p_nes_cpu_info”到“p_nes_mem_info”的类型不兼容
F:\m_project\NesEmulator\nes_cpu_opcodes.c(514,32): warning C4133: “函数”: 从“p_nes_cpu_info”到“p_nes_mem_info”的类型不兼容
F:\m_project\NesEmulator\nes_cpu_opcodes.c(515,20): warning C4133: “函数”: 从“p_nes_cpu_info”到“p_nes_mem_info”的类型不兼容
F:\m_project\NesEmulator\nes_cpu_opcodes.c(535,17): warning C4133: “函数”: 从“p_nes_cpu_info”到“p_nes_mem_info”的类型不兼容
F:\m_project\NesEmulator\nes_cpu_opcodes.c(540,20): warning C4133: “函数”: 从“p_nes_cpu_info”到“p_nes_mem_info”的类型不兼容
F:\m_project\NesEmulator\nes_cpu_opcodes.c(551,29): warning C4133: “函数”: 从“p_nes_cpu_info”到“p_nes_mem_info”的类型不兼容
F:\m_project\NesEmulator\nes_cpu_opcodes.c(552,17): warning C4133: “函数”: 从“p_nes_cpu_info”到“p_nes_mem_info”的类型不兼容
F:\m_project\NesEmulator\nes_cpu_opcodes.c(560,32): warning C4133: “函数”: 从“p_nes_cpu_info”到“p_nes_mem_info”的类型不兼容
F:\m_project\NesEmulator\nes_cpu_opcodes.c(561,20): warning C4133: “函数”: 从“p_nes_cpu_info”到“p_nes_mem_info”的类型不兼容
F:\m_project\NesEmulator\nes_cpu_opcodes.c(570,29): warning C4133: “函数”: 从“p_nes_cpu_info”到“p_nes_mem_info”的类型不兼容
F:\m_project\NesEmulator\nes_cpu_opcodes.c(571,17): warning C4133: “函数”: 从“p_nes_cpu_info”到“p_nes_mem_info”的类型不兼容
F:\m_project\NesEmulator\nes_cpu_opcodes.c(586,32): warning C4133: “函数”: 从“p_nes_cpu_info”到“p_nes_mem_info”的类型不兼容
F:\m_project\NesEmulator\nes_cpu_opcodes.c(587,20): warning C4133: “函数”: 从“p_nes_cpu_info”到“p_nes_mem_info”的类型不兼容
F:\m_project\NesEmulator\nes_cpu_opcodes.c(606,16): warning C4133: “函数”: 从“p_nes_cpu_info”到“p_nes_mem_info”的类型不兼容
F:\m_project\NesEmulator\nes_cpu_opcodes.c(608,16): warning C4133: “函数”: 从“p_nes_cpu_info”到“p_nes_mem_info”的类型不兼容
F:\m_project\NesEmulator\nes_cpu_opcodes.c(611,37): warning C4133: “函数”: 从“p_nes_cpu_info”到“p_nes_mem_info”的类型不兼容
F:\m_project\NesEmulator\nes_cpu_opcodes.c(648,16): warning C4133: “函数”: 从“p_nes_cpu_info”到“p_nes_mem_info”的类型不兼容
F:\m_project\NesEmulator\nes_cpu_opcodes.c(776,16): warning C4133: “函数”: 从“p_nes_cpu_info”到“p_nes_mem_info”的类型不兼容
F:\m_project\NesEmulator\nes_cpu_opcodes.c(815,35): warning C4133: “函数”: 从“p_nes_cpu_info”到“p_nes_mem_info”的类型不兼容
F:\m_project\NesEmulator\nes_cpu_opcodes.c(920,35): warning C4133: “函数”: 从“p_nes_cpu_info”到“p_nes_mem_info”的类型不兼容
F:\m_project\NesEmulator\nes_cpu_opcodes.c(922,36): warning C4133: “函数”: 从“p_nes_cpu_info”到“p_nes_mem_info”的类型不兼容
F:\m_project\NesEmulator\nes_cpu_opcodes.c(953,16): warning C4133: “函数”: 从“p_nes_cpu_info”到“p_nes_mem_info”的类型不兼容
F:\m_project\NesEmulator\nes_cpu_opcodes.c(1063,36): warning C4133: “函数”: 从“p_nes_cpu_info”到“p_nes_mem_info”的类型不兼容
F:\m_project\NesEmulator\nes_cpu_opcodes.c(1094,35): warning C4133: “函数”: 从“p_nes_cpu_info”到“p_nes_mem_info”的类型不兼容
F:\m_project\NesEmulator\nes_cpu_opcodes.c(1128,37): warning C4133: “函数”: 从“p_nes_cpu_info”到“p_nes_mem_info”的类型不兼容
F:\m_project\NesEmulator\nes_cpu_opcodes.c(1513,29): warning C4133: “函数”: 从“p_nes_cpu_info”到“p_nes_mem_info”的类型不兼容
  nes_cpu_opcodes.c
F:\m_project\NesEmulator\nes_cpu_opcodes.c(109,23): warning C4133: “函数”: 从“p_nes_cpu_info”到“p_nes_mem_info”的类型不兼容
F:\m_project\NesEmulator\nes_cpu_opcodes.c(243,29): warning C4133: “函数”: 从“p_nes_cpu_info”到“p_nes_mem_info”的类型不兼容
F:\m_project\NesEmulator\nes_cpu_opcodes.c(244,17): warning C4133: “函数”: 从“p_nes_cpu_info”到“p_nes_mem_info”的类型不兼容
F:\m_project\NesEmulator\nes_cpu_opcodes.c(250,32): warning C4133: “函数”: 从“p_nes_cpu_info”到“p_nes_mem_info”的类型不兼容
F:\m_project\NesEmulator\nes_cpu_opcodes.c(251,20): warning C4133: “函数”: 从“p_nes_cpu_info”到“p_nes_mem_info”的类型不兼容
F:\m_project\NesEmulator\nes_cpu_opcodes.c(257,29): warning C4133: “函数”: 从“p_nes_cpu_info”到“p_nes_mem_info”的类型不兼容
F:\m_project\NesEmulator\nes_cpu_opcodes.c(258,17): warning C4133: “函数”: 从“p_nes_cpu_info”到“p_nes_mem_info”的类型不兼容
F:\m_project\NesEmulator\nes_cpu_opcodes.c(264,32): warning C4133: “函数”: 从“p_nes_cpu_info”到“p_nes_mem_info”的类型不兼容
F:\m_project\NesEmulator\nes_cpu_opcodes.c(265,20): warning C4133: “函数”: 从“p_nes_cpu_info”到“p_nes_mem_info”的类型不兼容
F:\m_project\NesEmulator\nes_cpu_opcodes.c(272,29): warning C4133: “函数”: 从“p_nes_cpu_info”到“p_nes_mem_info”的类型不兼容
F:\m_project\NesEmulator\nes_cpu_opcodes.c(273,17): warning C4133: “函数”: 从“p_nes_cpu_info”到“p_nes_mem_info”的类型不兼容
F:\m_project\NesEmulator\nes_cpu_opcodes.c(280,32): warning C4133: “函数”: 从“p_nes_cpu_info”到“p_nes_mem_info”的类型不兼容
F:\m_project\NesEmulator\nes_cpu_opcodes.c(281,20): warning C4133: “函数”: 从“p_nes_cpu_info”到“p_nes_mem_info”的类型不兼容
F:\m_project\NesEmulator\nes_cpu_opcodes.c(289,29): warning C4133: “函数”: 从“p_nes_cpu_info”到“p_nes_mem_info”的类型不兼容
F:\m_project\NesEmulator\nes_cpu_opcodes.c(290,17): warning C4133: “函数”: 从“p_nes_cpu_info”到“p_nes_mem_info”的类型不兼容
F:\m_project\NesEmulator\nes_cpu_opcodes.c(298,32): warning C4133: “函数”: 从“p_nes_cpu_info”到“p_nes_mem_info”的类型不兼容
F:\m_project\NesEmulator\nes_cpu_opcodes.c(299,20): warning C4133: “函数”: 从“p_nes_cpu_info”到“p_nes_mem_info”的类型不兼容
F:\m_project\NesEmulator\nes_cpu_opcodes.c(306,29): warning C4133: “函数”: 从“p_nes_cpu_info”到“p_nes_mem_info”的类型不兼容
F:\m_project\NesEmulator\nes_cpu_opcodes.c(307,17): warning C4133: “函数”: 从“p_nes_cpu_info”到“p_nes_mem_info”的类型不兼容
F:\m_project\NesEmulator\nes_cpu_opcodes.c(314,32): warning C4133: “函数”: 从“p_nes_cpu_info”到“p_nes_mem_info”的类型不兼容
F:\m_project\NesEmulator\nes_cpu_opcodes.c(315,20): warning C4133: “函数”: 从“p_nes_cpu_info”到“p_nes_mem_info”的类型不兼容
F:\m_project\NesEmulator\nes_cpu_opcodes.c(323,29): warning C4133: “函数”: 从“p_nes_cpu_info”到“p_nes_mem_info”的类型不兼容
F:\m_project\NesEmulator\nes_cpu_opcodes.c(324,17): warning C4133: “函数”: 从“p_nes_cpu_info”到“p_nes_mem_info”的类型不兼容
F:\m_project\NesEmulator\nes_cpu_opcodes.c(332,32): warning C4133: “函数”: 从“p_nes_cpu_info”到“p_nes_mem_info”的类型不兼容
F:\m_project\NesEmulator\nes_cpu_opcodes.c(333,20): warning C4133: “函数”: 从“p_nes_cpu_info”到“p_nes_mem_info”的类型不兼容
F:\m_project\NesEmulator\nes_cpu_opcodes.c(346,17): warning C4133: “函数”: 从“p_nes_cpu_info”到“p_nes_mem_info”的类型不兼容
F:\m_project\NesEmulator\nes_cpu_opcodes.c(351,20): warning C4133: “函数”: 从“p_nes_cpu_info”到“p_nes_mem_info”的类型不兼容
F:\m_project\NesEmulator\nes_cpu_opcodes.c(362,17): warning C4133: “函数”: 从“p_nes_cpu_info”到“p_nes_mem_info”的类型不兼容
F:\m_project\NesEmulator\nes_cpu_opcodes.c(367,20): warning C4133: “函数”: 从“p_nes_cpu_info”到“p_nes_mem_info”的类型不兼容
F:\m_project\NesEmulator\nes_cpu_opcodes.c(378,17): warning C4133: “函数”: 从“p_nes_cpu_info”到“p_nes_mem_info”的类型不兼容
F:\m_project\NesEmulator\nes_cpu_opcodes.c(383,20): warning C4133: “函数”: 从“p_nes_cpu_info”到“p_nes_mem_info”的类型不兼容
F:\m_project\NesEmulator\nes_cpu_opcodes.c(404,29): warning C4133: “函数”: 从“p_nes_cpu_info”到“p_nes_mem_info”的类型不兼容
F:\m_project\NesEmulator\nes_cpu_opcodes.c(405,17): warning C4133: “函数”: 从“p_nes_cpu_info”到“p_nes_mem_info”的类型不兼容
F:\m_project\NesEmulator\nes_cpu_opcodes.c(418,32): warning C4133: “函数”: 从“p_nes_cpu_info”到“p_nes_mem_info”的类型不兼容
F:\m_project\NesEmulator\nes_cpu_opcodes.c(419,20): warning C4133: “函数”: 从“p_nes_cpu_info”到“p_nes_mem_info”的类型不兼容
F:\m_project\NesEmulator\nes_cpu_opcodes.c(433,29): warning C4133: “函数”: 从“p_nes_cpu_info”到“p_nes_mem_info”的类型不兼容
F:\m_project\NesEmulator\nes_cpu_opcodes.c(434,17): warning C4133: “函数”: 从“p_nes_cpu_info”到“p_nes_mem_info”的类型不兼容
F:\m_project\NesEmulator\nes_cpu_opcodes.c(448,32): warning C4133: “函数”: 从“p_nes_cpu_info”到“p_nes_mem_info”的类型不兼容
F:\m_project\NesEmulator\nes_cpu_opcodes.c(449,20): warning C4133: “函数”: 从“p_nes_cpu_info”到“p_nes_mem_info”的类型不兼容
F:\m_project\NesEmulator\nes_cpu_opcodes.c(462,29): warning C4133: “函数”: 从“p_nes_cpu_info”到“p_nes_mem_info”的类型不兼容
F:\m_project\NesEmulator\nes_cpu_opcodes.c(463,17): warning C4133: “函数”: 从“p_nes_cpu_info”到“p_nes_mem_info”的类型不兼容
F:\m_project\NesEmulator\nes_cpu_opcodes.c(476,32): warning C4133: “函数”: 从“p_nes_cpu_info”到“p_nes_mem_info”的类型不兼容
F:\m_project\NesEmulator\nes_cpu_opcodes.c(477,20): warning C4133: “函数”: 从“p_nes_cpu_info”到“p_nes_mem_info”的类型不兼容
F:\m_project\NesEmulator\nes_cpu_opcodes.c(491,29): warning C4133: “函数”: 从“p_nes_cpu_info”到“p_nes_mem_info”的类型不兼容
F:\m_project\NesEmulator\nes_cpu_opcodes.c(492,17): warning C4133: “函数”: 从“p_nes_cpu_info”到“p_nes_mem_info”的类型不兼容
F:\m_project\NesEmulator\nes_cpu_opcodes.c(514,32): warning C4133: “函数”: 从“p_nes_cpu_info”到“p_nes_mem_info”的类型不兼容
F:\m_project\NesEmulator\nes_cpu_opcodes.c(515,20): warning C4133: “函数”: 从“p_nes_cpu_info”到“p_nes_mem_info”的类型不兼容
F:\m_project\NesEmulator\nes_cpu_opcodes.c(535,17): warning C4133: “函数”: 从“p_nes_cpu_info”到“p_nes_mem_info”的类型不兼容
F:\m_project\NesEmulator\nes_cpu_opcodes.c(540,20): warning C4133: “函数”: 从“p_nes_cpu_info”到“p_nes_mem_info”的类型不兼容
F:\m_project\NesEmulator\nes_cpu_opcodes.c(551,29): warning C4133: “函数”: 从“p_nes_cpu_info”到“p_nes_mem_info”的类型不兼容
F:\m_project\NesEmulator\nes_cpu_opcodes.c(552,17): warning C4133: “函数”: 从“p_nes_cpu_info”到“p_nes_mem_info”的类型不兼容
F:\m_project\NesEmulator\nes_cpu_opcodes.c(560,32): warning C4133: “函数”: 从“p_nes_cpu_info”到“p_nes_mem_info”的类型不兼容
F:\m_project\NesEmulator\nes_cpu_opcodes.c(561,20): warning C4133: “函数”: 从“p_nes_cpu_info”到“p_nes_mem_info”的类型不兼容
F:\m_project\NesEmulator\nes_cpu_opcodes.c(570,29): warning C4133: “函数”: 从“p_nes_cpu_info”到“p_nes_mem_info”的类型不兼容
F:\m_project\NesEmulator\nes_cpu_opcodes.c(571,17): warning C4133: “函数”: 从“p_nes_cpu_info”到“p_nes_mem_info”的类型不兼容
F:\m_project\NesEmulator\nes_cpu_opcodes.c(586,32): warning C4133: “函数”: 从“p_nes_cpu_info”到“p_nes_mem_info”的类型不兼容
F:\m_project\NesEmulator\nes_cpu_opcodes.c(587,20): warning C4133: “函数”: 从“p_nes_cpu_info”到“p_nes_mem_info”的类型不兼容
F:\m_project\NesEmulator\nes_cpu_opcodes.c(606,16): warning C4133: “函数”: 从“p_nes_cpu_info”到“p_nes_mem_info”的类型不兼容
F:\m_project\NesEmulator\nes_cpu_opcodes.c(608,16): warning C4133: “函数”: 从“p_nes_cpu_info”到“p_nes_mem_info”的类型不兼容
F:\m_project\NesEmulator\nes_cpu_opcodes.c(611,37): warning C4133: “函数”: 从“p_nes_cpu_info”到“p_nes_mem_info”的类型不兼容
F:\m_project\NesEmulator\nes_cpu_opcodes.c(648,16): warning C4133: “函数”: 从“p_nes_cpu_info”到“p_nes_mem_info”的类型不兼容
F:\m_project\NesEmulator\nes_cpu_opcodes.c(776,16): warning C4133: “函数”: 从“p_nes_cpu_info”到“p_nes_mem_info”的类型不兼容
F:\m_project\NesEmulator\nes_cpu_opcodes.c(815,35): warning C4133: “函数”: 从“p_nes_cpu_info”到“p_nes_mem_info”的类型不兼容
F:\m_project\NesEmulator\nes_cpu_opcodes.c(920,35): warning C4133: “函数”: 从“p_nes_cpu_info”到“p_nes_mem_info”的类型不兼容
F:\m_project\NesEmulator\nes_cpu_opcodes.c(922,36): warning C4133: “函数”: 从“p_nes_cpu_info”到“p_nes_mem_info”的类型不兼容
F:\m_project\NesEmulator\nes_cpu_opcodes.c(953,16): warning C4133: “函数”: 从“p_nes_cpu_info”到“p_nes_mem_info”的类型不兼容
F:\m_project\NesEmulator\nes_cpu_opcodes.c(1063,36): warning C4133: “函数”: 从“p_nes_cpu_info”到“p_nes_mem_info”的类型不兼容
F:\m_project\NesEmulator\nes_cpu_opcodes.c(1094,35): warning C4133: “函数”: 从“p_nes_cpu_info”到“p_nes_mem_info”的类型不兼容
F:\m_project\NesEmulator\nes_cpu_opcodes.c(1128,37): warning C4133: “函数”: 从“p_nes_cpu_info”到“p_nes_mem_info”的类型不兼容
F:\m_project\NesEmulator\nes_cpu_opcodes.c(1513,29): warning C4133: “函数”: 从“p_nes_cpu_info”到“p_nes_mem_info”的类型不兼容
  nes_main.c
  nes_mapper.c
  正在生成代码...
  NesEmulator.vcxproj -> F:\m_project\NesEmulator\Debug\NesEmulator.exe
